<?xml version="1.0" encoding="UTF-8"?>
<!-- Generated by org.testng.reporters.JUnitReportReporter -->
<testsuite hostname="BOOK-DA60ANED4E" failures="0" tests="1" name="com.tutorialsninja.qa.TestCase.ShoppingCartTestForMediumLevel" time="30.760" errors="0" timestamp="2023-12-17T18:04:09 CST" skipped="0">
  <testcase classname="com.tutorialsninja.qa.TestCase.ShoppingCartTestForMediumLevel" name="testAddProductToCartAndVerify" time="30.760"/>
  <system-out/>
</testsuite> <!-- com.tutorialsninja.qa.TestCase.ShoppingCartTestForMediumLevel -->
