<?xml version="1.0" encoding="UTF-8"?>
<!-- Generated by org.testng.reporters.JUnitReportReporter -->
<testsuite hostname="BOOK-DA60ANED4E" failures="0" tests="1" name="com.bootcamp.part1.medium_submition.RegistrationTest" time="7.785" errors="0" timestamp="2023-12-17T12:40:05 CST" skipped="0">
  <testcase classname="com.bootcamp.part1.medium_submition.RegistrationTest" name="testSuccessfulRegistrationWithValidCredentials" time="7.785"/>
  <system-out/>
</testsuite> <!-- com.bootcamp.part1.medium_submition.RegistrationTest -->
