<?xml version="1.0" encoding="UTF-8"?>
<!-- Generated by org.testng.reporters.JUnitReportReporter -->
<testsuite hostname="BOOK-DA60ANED4E" failures="0" tests="1" name="com.tutorialsninja.qa.TestCase.ShoppingCartTest" time="29.385" errors="0" timestamp="2023-12-16T18:37:16 CST" skipped="0">
  <testcase classname="com.tutorialsninja.qa.TestCase.ShoppingCartTest" name="testAddProductToCartAndVerify" time="29.385"/>
  <system-out/>
</testsuite> <!-- com.tutorialsninja.qa.TestCase.ShoppingCartTest -->
